<?xml version="1.0" encoding="UTF-8"?>
<!-- Generated by org.testng.reporters.JUnitReportReporter -->
<testsuite hostname="Eswar" failures="0" tests="2" name="sample.GroupsTest" time="0.023" errors="0" timestamp="23 Jun 2018 09:42:08 GMT" skipped="0">
  <testcase classname="sample.GroupsTest" name="Flowers" time="0.003"/>
  <testcase classname="sample.GroupsTest" name="Colors" time="0.020"/>
</testsuite> <!-- sample.GroupsTest -->
