<?xml version="1.0" encoding="UTF-8"?>
<!-- Generated by org.testng.reporters.JUnitReportReporter -->
<testsuite hostname="Eswar" failures="0" tests="1" name="sample.FileuploadTest" time="46.292" errors="0" timestamp="26 Jun 2018 18:07:06 GMT" skipped="0">
  <testcase classname="sample.FileuploadTest" name="Fileupload" time="46.292"/>
</testsuite> <!-- sample.FileuploadTest -->
